This file contains any messages produced by compilers while
running configure, to aid debugging if configure makes a mistake.

It was created by Lg3dProto configure 5.0, which was
generated by GNU Autoconf 2.59.  Invocation command line was

  $ ./configure --enable-maintainer-mode --prefix=/home/dj4236/lgn/x/xorg/cvs/head/modular

## --------- ##
## Platform. ##
## --------- ##

hostname = d-nwk12-125-124
uname -m = x86_64
uname -r = 2.6.17-1.2145_FC5
uname -s = Linux
uname -v = #1 SMP Sat Jul 1 13:05:01 EDT 2006

/usr/bin/uname -p = unknown
/bin/uname -X     = unknown

/bin/arch              = x86_64
/usr/bin/arch -k       = unknown
/usr/convex/getsysinfo = unknown
hostinfo               = unknown
/bin/machine           = unknown
/usr/bin/oslevel       = unknown
/bin/universe          = unknown

PATH: /home/dj4236/lgn/x/xorg/cvs/head/modular/bin
PATH: /home/dj4236/lgn/x/xorg/cvs/head/modular/bin
PATH: /usr/staroffice7/program
PATH: .
PATH: /home/dj4236/jdks/amd64/jdk1.6.0/bin
PATH: /home/dj4236/bin/i386
PATH: /home/dj4236/bin
PATH: /home/dj4236/ant/bin
PATH: /home/dj4236/firefox
PATH: /usr/local/bin
PATH: /bin
PATH: /usr/bin
PATH: /etc
PATH: /usr/local/Acrobat5/bin
PATH: /usr/X11R6/bin
PATH: /opt/gnome/bin
PATH: /opt/OpenOffice.org/program
PATH: /home/dj4236/thunderbird
PATH: /home/dj4236/git


## ----------- ##
## Core tests. ##
## ----------- ##

configure:1282: checking for a BSD-compatible install
configure:1337: result: /usr/bin/install -c
configure:1348: checking whether build environment is sane
configure:1391: result: yes
configure:1456: checking for gawk
configure:1472: found /bin/gawk
configure:1482: result: gawk
configure:1492: checking whether make sets $(MAKE)
configure:1512: result: yes
configure:1825: creating ./config.status

## ---------------------- ##
## Running config.status. ##
## ---------------------- ##

This file was extended by Lg3dProto config.status 5.0, which was
generated by GNU Autoconf 2.59.  Invocation command line was

  CONFIG_FILES    = 
  CONFIG_HEADERS  = 
  CONFIG_LINKS    = 
  CONFIG_COMMANDS = 
  $ ./config.status 

on d-nwk12-125-124

config.status:652: creating Makefile
config.status:652: creating lg3dproto.pc

## ---------------- ##
## Cache variables. ##
## ---------------- ##

ac_cv_env_build_alias_set=
ac_cv_env_build_alias_value=
ac_cv_env_host_alias_set=
ac_cv_env_host_alias_value=
ac_cv_env_target_alias_set=
ac_cv_env_target_alias_value=
ac_cv_path_install='/usr/bin/install -c'
ac_cv_prog_AWK=gawk
ac_cv_prog_make_make_set=yes

## ----------------- ##
## Output variables. ##
## ----------------- ##

ACLOCAL='aclocal -I /home/dj4236/lgn/x/xorg/cvs/head/modular/share/aclocal'
AMTAR='${SHELL} /home/dj4236/lgn/x/xorg/cvs/head/proto/Lg3d/missing --run tar'
AUTOCONF='${SHELL} /home/dj4236/lgn/x/xorg/cvs/head/proto/Lg3d/missing --run autoconf'
AUTOHEADER='${SHELL} /home/dj4236/lgn/x/xorg/cvs/head/proto/Lg3d/missing --run autoheader'
AUTOMAKE='${SHELL} /home/dj4236/lgn/x/xorg/cvs/head/proto/Lg3d/missing --run automake-1.9'
AWK='gawk'
CYGPATH_W='echo'
DEFS='-DPACKAGE_NAME=\"Lg3dProto\" -DPACKAGE_TARNAME=\"lg3dproto\" -DPACKAGE_VERSION=\"5.0\" -DPACKAGE_STRING=\"Lg3dProto\ 5.0\" -DPACKAGE_BUGREPORT=\"https://bugs.freedesktop.org/enter_bug.cgi\?product=xorg\" -DPACKAGE=\"lg3dproto\" -DVERSION=\"5.0\" '
ECHO_C=''
ECHO_N='-n'
ECHO_T=''
INSTALL_DATA='${INSTALL} -m 644'
INSTALL_PROGRAM='${INSTALL}'
INSTALL_SCRIPT='${INSTALL}'
INSTALL_STRIP_PROGRAM='${SHELL} $(install_sh) -c -s'
LIBOBJS=''
LIBS=''
LTLIBOBJS=''
MAKEINFO='${SHELL} /home/dj4236/lgn/x/xorg/cvs/head/proto/Lg3d/missing --run makeinfo'
PACKAGE='lg3dproto'
PACKAGE_BUGREPORT='https://bugs.freedesktop.org/enter_bug.cgi?product=xorg'
PACKAGE_NAME='Lg3dProto'
PACKAGE_STRING='Lg3dProto 5.0'
PACKAGE_TARNAME='lg3dproto'
PACKAGE_VERSION='5.0'
PATH_SEPARATOR=':'
SET_MAKE=''
SHELL='/bin/sh'
STRIP=''
VERSION='5.0'
ac_ct_STRIP=''
am__leading_dot='.'
am__tar='${AMTAR} chof - "$$tardir"'
am__untar='${AMTAR} xf -'
bindir='${exec_prefix}/bin'
build_alias=''
datadir='${prefix}/share'
exec_prefix='${prefix}'
host_alias=''
includedir='${prefix}/include'
infodir='${prefix}/info'
install_sh='/home/dj4236/lgn/x/xorg/cvs/head/proto/Lg3d/install-sh'
libdir='${exec_prefix}/lib'
libexecdir='${exec_prefix}/libexec'
localstatedir='${prefix}/var'
mandir='${prefix}/man'
mkdir_p='mkdir -p --'
oldincludedir='/usr/include'
prefix='/home/dj4236/lgn/x/xorg/cvs/head/modular'
program_transform_name='s,x,x,'
sbindir='${exec_prefix}/sbin'
sharedstatedir='${prefix}/com'
sysconfdir='${prefix}/etc'
target_alias=''

## ----------- ##
## confdefs.h. ##
## ----------- ##

#define PACKAGE "lg3dproto"
#define PACKAGE_BUGREPORT "https://bugs.freedesktop.org/enter_bug.cgi?product=xorg"
#define PACKAGE_NAME "Lg3dProto"
#define PACKAGE_STRING "Lg3dProto 5.0"
#define PACKAGE_TARNAME "lg3dproto"
#define PACKAGE_VERSION "5.0"
#define VERSION "5.0"

configure: exit 0
